TN:
SF:src/index.ts
FN:1,__export
FN:1,__copyProps
FN:1,get
FN:1,__reExport
FN:1,__toESM
FN:1,__toCommonJS
FN:1,Schemas
FNF:7
FNH:6
FNDA:2,__export
FNDA:12,__copyProps
FNDA:59,get
FNDA:4,__reExport
FNDA:2,__toESM
FNDA:2,__toCommonJS
FNDA:0,Schemas
DA:1,1
DA:2,1
DA:3,1
LF:3
LH:3
BRDA:3,0,0,0
BRDA:1,1,0,2
BRDA:1,2,0,12
BRDA:1,3,0,0
BRDA:1,4,0,30
BRDA:1,5,0,24
BRDA:1,6,0,24
BRDA:1,7,0,59
BRDA:1,8,0,4
BRDA:1,9,0,2
BRDA:1,10,0,0
BRDA:1,11,0,0
BRDA:1,12,0,2
BRF:13
BRH:9
end_of_record
TN:
SF:src/medicus.ts
FN:1,__name
FN:1,__export
FN:1,__copyProps
FN:1,get
FN:1,__toESM
FN:1,__toCommonJS
FN:1,Medicus
FN:22,Medicus
FN:1,<static_initializer>
FN:33,addChecker
FN:46,listCheckers
FN:53,removeChecker
FN:62,getLastCheck
FN:93,#runChecks
FN:104,#executeChecker
FN:131,#handleBackgroundCheck
FNF:16
FNH:15
FNDA:32,__name
FNDA:2,__export
FNDA:4,__copyProps
FNDA:16,get
FNDA:2,__toESM
FNDA:2,__toCommonJS
FNDA:16,Medicus
FNDA:15,Medicus
FNDA:2,<static_initializer>
FNDA:13,addChecker
FNDA:0,listCheckers
FNDA:2,removeChecker
FNDA:7,getLastCheck
FNDA:20,#runChecks
FNDA:21,#executeChecker
FNDA:15,#handleBackgroundCheck
DA:1,2
DA:2,2
DA:3,2
DA:4,2
DA:5,2
DA:6,2
DA:7,2
DA:8,2
DA:9,2
DA:10,2
DA:11,2
DA:12,2
DA:13,2
DA:14,1
DA:15,1
DA:16,1
DA:17,1
DA:18,1
DA:19,1
DA:20,1
DA:21,1
DA:22,1
DA:23,15
DA:24,7
DA:25,7
DA:26,15
DA:27,15
DA:28,15
DA:29,1
DA:30,1
DA:31,1
DA:32,1
DA:33,1
DA:34,13
DA:35,20
DA:36,1
DA:37,1
DA:38,20
DA:39,20
DA:40,19
DA:41,13
DA:42,1
DA:43,1
DA:44,1
DA:45,1
DA:46,1
DA:47,0
DA:48,0
DA:49,1
DA:50,1
DA:51,1
DA:52,1
DA:53,1
DA:54,2
DA:55,2
DA:56,2
DA:57,2
DA:58,1
DA:59,1
DA:60,1
DA:61,1
DA:62,1
DA:63,7
DA:64,7
DA:65,1
DA:66,1
DA:67,1
DA:68,1
DA:69,1
DA:70,20
DA:71,20
DA:72,20
DA:73,20
DA:74,21
DA:75,5
DA:76,5
DA:77,21
DA:78,21
DA:79,21
DA:80,20
DA:81,20
DA:82,20
DA:83,20
DA:84,20
DA:85,20
DA:86,20
DA:87,20
DA:88,20
DA:89,1
DA:90,1
DA:91,1
DA:92,1
DA:93,1
DA:94,20
DA:95,21
DA:96,21
DA:97,20
DA:98,1
DA:99,1
DA:100,1
DA:101,1
DA:102,1
DA:103,1
DA:104,1
DA:105,21
DA:106,21
DA:107,21
DA:108,21
DA:109,21
DA:110,10
DA:111,21
DA:112,6
DA:113,21
DA:114,3
DA:115,21
DA:116,21
DA:117,2
DA:118,1
DA:119,1
DA:120,2
DA:121,2
DA:122,2
DA:123,2
DA:124,2
DA:125,2
DA:126,21
DA:127,1
DA:128,1
DA:129,1
DA:130,1
DA:131,1
DA:132,15
DA:133,15
DA:134,15
DA:135,15
DA:136,15
DA:137,15
DA:138,14
DA:139,14
DA:140,15
DA:141,15
DA:142,1
DA:143,1
DA:144,1
DA:145,1
DA:146,10
DA:147,0
DA:148,0
DA:149,0
DA:150,0
DA:151,0
DA:152,0
DA:153,0
DA:154,0
DA:155,15
DA:156,1
DA:157,1
DA:158,1
DA:159,1
DA:160,1
DA:161,10
DA:162,1
DA:163,1
DA:164,1
DA:165,10
DA:166,1
DA:167,1
DA:168,1
DA:169,10
DA:170,10
DA:171,0
LF:171
LH:160
BRDA:171,0,0,0
BRDA:1,1,0,32
BRDA:1,2,0,2
BRDA:1,3,0,4
BRDA:1,4,0,2
BRDA:1,5,0,10
BRDA:1,6,0,16
BRDA:1,7,0,2
BRDA:1,8,0,0
BRDA:1,9,0,0
BRDA:1,10,0,2
BRDA:1,11,0,16
BRDA:22,12,0,15
BRDA:23,13,0,7
BRDA:69,14,0,20
BRDA:73,15,0,21
BRDA:74,16,0,5
BRDA:160,17,0,10
BRDA:161,18,0,1
BRDA:1,19,0,2
BRDA:33,20,0,13
BRDA:34,21,0,20
BRDA:35,22,0,1
BRDA:39,23,0,19
BRDA:53,24,0,2
BRDA:55,25,0,1
BRDA:62,26,0,7
BRDA:93,27,0,20
BRDA:94,28,0,21
BRDA:95,29,0,21
BRDA:104,30,0,21
BRDA:108,31,0,19
BRDA:109,32,0,10
BRDA:111,33,0,6
BRDA:113,34,0,3
BRDA:116,35,0,2
BRDA:117,36,0,1
BRDA:131,37,0,15
BRDA:137,38,0,14
BRDA:141,39,0,10
BRDA:141,40,0,1
BRDA:146,41,0,0
BRDA:168,42,0,10
BRF:43
BRH:39
end_of_record
TN:
SF:src/schemas.ts
FN:1,__export
FN:1,__copyProps
FN:1,get
FN:1,__toCommonJS
FN:1,AllSchemas
FN:1,DetailedHealthCheckSchema
FN:1,HealthCheckQueryParamsSchema
FN:1,HealthCheckResultSchema
FN:1,HealthStatusSchema
FNF:9
FNH:7
FNDA:2,__export
FNDA:2,__copyProps
FNDA:25,get
FNDA:2,__toCommonJS
FNDA:5,AllSchemas
FNDA:0,DetailedHealthCheckSchema
FNDA:5,HealthCheckQueryParamsSchema
FNDA:15,HealthCheckResultSchema
FNDA:0,HealthStatusSchema
DA:1,1
DA:2,1
DA:3,1
DA:4,1
DA:5,1
DA:6,1
DA:7,1
DA:8,1
DA:9,1
DA:10,1
DA:11,1
DA:12,1
DA:13,1
DA:14,1
DA:15,1
DA:16,1
DA:17,1
DA:18,1
DA:19,1
DA:20,1
DA:21,1
DA:22,1
DA:23,1
DA:24,1
DA:25,1
DA:26,1
DA:27,1
DA:28,1
DA:29,1
DA:30,1
DA:31,1
DA:32,1
DA:33,1
DA:34,1
DA:35,1
DA:36,1
DA:37,1
DA:38,1
DA:39,1
DA:40,1
DA:41,1
DA:42,1
DA:43,1
DA:44,1
DA:45,1
DA:46,1
DA:47,1
DA:48,1
DA:49,1
DA:50,1
DA:51,1
DA:52,1
DA:53,1
DA:54,1
DA:55,0
LF:55
LH:54
BRDA:55,0,0,0
BRDA:1,1,0,2
BRDA:1,2,0,10
BRDA:1,3,0,2
BRDA:1,4,0,0
BRDA:1,5,0,10
BRDA:1,6,0,25
BRDA:1,7,0,2
BRDA:1,8,0,5
BRDA:1,9,0,5
BRDA:1,10,0,15
BRF:11
BRH:9
end_of_record
TN:
SF:src/types.ts
FN:1,__export
FN:1,__copyProps
FN:1,get
FN:1,__toCommonJS
FN:1,HealthStatus
FNF:5
FNH:5
FNDA:2,__export
FNDA:2,__copyProps
FNDA:113,get
FNDA:2,__toCommonJS
FNDA:113,HealthStatus
DA:1,113
DA:2,1
DA:3,1
DA:4,1
DA:5,1
DA:6,1
DA:7,1
DA:8,1
DA:9,1
DA:10,1
DA:11,1
DA:12,1
DA:13,1
DA:14,1
DA:15,1
DA:16,1
DA:17,1
DA:18,1
DA:19,1
DA:20,1
DA:21,1
DA:22,1
DA:23,1
DA:24,1
DA:25,1
DA:26,1
DA:27,1
DA:28,1
DA:29,1
DA:30,1
DA:31,1
DA:32,1
DA:33,1
DA:34,1
DA:35,1
DA:36,1
DA:37,1
DA:38,1
DA:39,1
DA:40,1
DA:41,1
DA:42,1
DA:43,1
DA:44,1
DA:45,1
DA:46,1
DA:47,1
DA:48,1
DA:49,1
DA:50,1
DA:51,1
DA:52,1
DA:53,1
DA:54,1
DA:55,1
DA:56,1
DA:57,1
DA:58,1
DA:59,1
DA:60,1
DA:61,1
DA:62,1
DA:63,1
DA:64,1
DA:65,1
DA:66,1
DA:67,1
DA:68,1
DA:69,1
DA:70,1
DA:71,1
DA:72,1
DA:73,1
DA:74,1
DA:75,1
DA:76,1
DA:77,1
DA:78,1
LF:78
LH:78
BRDA:3,0,0,0
BRDA:1,1,0,2
BRDA:1,2,0,2
BRDA:1,3,0,0
BRDA:1,4,0,113
BRDA:1,5,0,2
BRDA:1,6,0,113
BRDA:3,7,0,2
BRF:8
BRH:6
end_of_record
TN:
SF:src/integrations/fastify.ts
FN:1,__export
FN:1,__copyProps
FN:1,get
FN:1,__toESM
FN:1,__toCommonJS
FN:1,medicusPlugin
FN:47,medicusPlugin.fastify
FN:60,pressure
FN:89,handler
FNF:9
FNH:9
FNDA:1,__export
FNDA:2,__copyProps
FNDA:5,get
FNDA:1,__toESM
FNDA:1,__toCommonJS
FNDA:5,medicusPlugin
FNDA:5,medicusPlugin.fastify
FNDA:1,pressure
FNDA:9,handler
DA:1,1
DA:2,1
DA:3,1
DA:4,1
DA:5,1
DA:6,1
DA:7,1
DA:8,1
DA:9,1
DA:10,1
DA:11,1
DA:12,1
DA:13,1
DA:14,1
DA:15,1
DA:16,1
DA:17,1
DA:18,1
DA:19,1
DA:20,1
DA:21,1
DA:22,1
DA:23,1
DA:24,1
DA:25,1
DA:26,1
DA:27,1
DA:28,1
DA:29,1
DA:30,1
DA:31,1
DA:32,1
DA:33,1
DA:34,1
DA:35,1
DA:36,1
DA:37,1
DA:38,1
DA:39,1
DA:40,1
DA:41,1
DA:42,1
DA:43,1
DA:44,1
DA:45,1
DA:46,1
DA:47,1
DA:48,5
DA:49,5
DA:50,5
DA:51,5
DA:52,5
DA:53,5
DA:54,5
DA:55,5
DA:56,5
DA:57,5
DA:58,5
DA:59,1
DA:60,1
DA:61,1
DA:62,1
DA:63,1
DA:64,1
DA:65,1
DA:66,1
DA:67,1
DA:68,5
DA:69,5
DA:70,20
DA:71,20
DA:72,5
DA:73,5
DA:74,5
DA:75,5
DA:76,5
DA:77,5
DA:78,5
DA:79,5
DA:80,5
DA:81,5
DA:82,5
DA:83,5
DA:84,5
DA:85,5
DA:86,5
DA:87,5
DA:88,5
DA:89,5
DA:90,9
DA:91,9
DA:92,9
DA:93,9
DA:94,2
DA:95,2
DA:96,9
DA:97,9
DA:98,8
DA:99,8
DA:100,9
DA:101,9
DA:102,9
DA:103,9
DA:104,9
DA:105,9
DA:106,2
DA:107,7
DA:108,9
DA:109,9
DA:110,5
DA:111,5
DA:112,5
DA:113,0
DA:114,0
DA:115,0
DA:116,0
DA:117,5
DA:118,1
DA:119,1
DA:120,1
DA:121,1
DA:122,0
LF:122
LH:117
BRDA:122,0,0,0
BRDA:1,1,0,1
BRDA:1,2,0,2
BRDA:1,3,0,1
BRDA:1,4,0,6
BRDA:1,5,0,5
BRDA:1,6,0,5
BRDA:1,7,0,5
BRDA:1,8,0,1
BRDA:1,9,0,0
BRDA:1,10,0,0
BRDA:1,11,0,1
BRDA:1,12,0,5
BRDA:47,13,0,5
BRDA:58,14,0,1
BRDA:69,15,0,20
BRDA:87,16,0,0
BRDA:112,17,0,0
BRDA:60,18,0,1
BRDA:62,19,0,0
BRDA:84,20,0,15
BRDA:89,21,0,9
BRDA:93,22,0,2
BRDA:97,23,0,8
BRDA:105,24,0,6
BRDA:105,25,0,3
BRDA:105,26,0,2
BRDA:106,27,0,7
BRF:28
BRH:22
end_of_record
TN:
SF:src/utils/http.ts
FN:1,__name
FN:1,__export
FN:1,__copyProps
FN:1,get
FN:1,__toCommonJS
FN:1,HttpStatuses
FN:1,healthStatusToHttpStatus
FN:6,healthStatusToHttpStatus
FNF:8
FNH:8
FNDA:1,__name
FNDA:1,__export
FNDA:1,__copyProps
FNDA:14,get
FNDA:1,__toCommonJS
FNDA:5,HttpStatuses
FNDA:9,healthStatusToHttpStatus
FNDA:9,healthStatusToHttpStatus
DA:1,1
DA:2,1
DA:3,1
DA:4,1
DA:5,1
DA:6,1
DA:7,9
DA:8,9
DA:9,8
DA:10,9
DA:11,0
DA:12,9
DA:13,1
DA:14,9
DA:15,9
DA:16,1
DA:17,1
DA:18,1
DA:19,1
DA:20,1
LF:20
LH:19
BRDA:20,0,0,0
BRDA:1,1,0,1
BRDA:1,2,0,1
BRDA:1,3,0,2
BRDA:1,4,0,1
BRDA:1,5,0,0
BRDA:1,6,0,2
BRDA:1,7,0,14
BRDA:1,8,0,1
BRDA:1,9,0,5
BRDA:1,10,0,9
BRDA:6,11,0,9
BRDA:8,12,0,8
BRDA:10,13,0,0
BRDA:12,14,0,1
BRF:15
BRH:12
end_of_record
