TN:
SF:src/index.ts
FN:1,__export
FN:1,__copyProps
FN:1,get
FN:1,__reExport
FN:1,__toESM
FN:1,__toCommonJS
FN:1,Schemas
FNF:7
FNH:6
FNDA:2,__export
FNDA:12,__copyProps
FNDA:62,get
FNDA:4,__reExport
FNDA:2,__toESM
FNDA:2,__toCommonJS
FNDA:0,Schemas
DA:1,1
DA:2,1
DA:3,1
LF:3
LH:3
BRDA:3,0,0,0
BRDA:1,1,0,2
BRDA:1,2,0,12
BRDA:1,3,0,0
BRDA:1,4,0,30
BRDA:1,5,0,24
BRDA:1,6,0,24
BRDA:1,7,0,62
BRDA:1,8,0,4
BRDA:1,9,0,2
BRDA:1,10,0,0
BRDA:1,11,0,0
BRDA:1,12,0,2
BRF:13
BRH:9
end_of_record
TN:
SF:src/medicus.ts
FN:1,__name
FN:1,__export
FN:1,__copyProps
FN:1,get
FN:1,__toESM
FN:1,__toCommonJS
FN:1,Medicus
FN:25,Medicus
FN:1,<static_initializer>
FN:38,addChecker
FN:51,listCheckers
FN:58,removeChecker
FN:67,getLastCheck
FN:98,#runChecks
FN:109,#executeChecker
FN:136,#handleBackgroundCheck
FNF:16
FNH:15
FNDA:34,__name
FNDA:2,__export
FNDA:4,__copyProps
FNDA:17,get
FNDA:2,__toESM
FNDA:2,__toCommonJS
FNDA:17,Medicus
FNDA:16,Medicus
FNDA:2,<static_initializer>
FNDA:14,addChecker
FNDA:0,listCheckers
FNDA:2,removeChecker
FNDA:7,getLastCheck
FNDA:21,#runChecks
FNDA:22,#executeChecker
FNDA:16,#handleBackgroundCheck
DA:1,2
DA:2,2
DA:3,2
DA:4,2
DA:5,2
DA:6,2
DA:7,2
DA:8,2
DA:9,2
DA:10,2
DA:11,2
DA:12,2
DA:13,2
DA:14,1
DA:15,1
DA:16,1
DA:17,1
DA:18,1
DA:19,1
DA:20,1
DA:21,1
DA:22,1
DA:23,1
DA:24,1
DA:25,1
DA:26,16
DA:27,8
DA:28,8
DA:29,16
DA:30,16
DA:31,16
DA:32,16
DA:33,16
DA:34,1
DA:35,1
DA:36,1
DA:37,1
DA:38,1
DA:39,14
DA:40,21
DA:41,1
DA:42,1
DA:43,21
DA:44,21
DA:45,20
DA:46,14
DA:47,1
DA:48,1
DA:49,1
DA:50,1
DA:51,1
DA:52,0
DA:53,0
DA:54,1
DA:55,1
DA:56,1
DA:57,1
DA:58,1
DA:59,2
DA:60,2
DA:61,2
DA:62,2
DA:63,1
DA:64,1
DA:65,1
DA:66,1
DA:67,1
DA:68,7
DA:69,7
DA:70,1
DA:71,1
DA:72,1
DA:73,1
DA:74,1
DA:75,21
DA:76,21
DA:77,21
DA:78,21
DA:79,22
DA:80,5
DA:81,5
DA:82,22
DA:83,22
DA:84,22
DA:85,21
DA:86,21
DA:87,21
DA:88,21
DA:89,21
DA:90,21
DA:91,21
DA:92,21
DA:93,21
DA:94,1
DA:95,1
DA:96,1
DA:97,1
DA:98,1
DA:99,21
DA:100,22
DA:101,22
DA:102,21
DA:103,1
DA:104,1
DA:105,1
DA:106,1
DA:107,1
DA:108,1
DA:109,1
DA:110,22
DA:111,22
DA:112,22
DA:113,22
DA:114,22
DA:115,11
DA:116,18
DA:117,6
DA:118,22
DA:119,3
DA:120,22
DA:121,22
DA:122,2
DA:123,1
DA:124,1
DA:125,2
DA:126,2
DA:127,2
DA:128,2
DA:129,2
DA:130,2
DA:131,22
DA:132,1
DA:133,1
DA:134,1
DA:135,1
DA:136,1
DA:137,16
DA:138,16
DA:139,16
DA:140,16
DA:141,16
DA:142,16
DA:143,15
DA:144,15
DA:145,16
DA:146,16
DA:147,1
DA:148,1
DA:149,1
DA:150,1
DA:151,10
DA:152,0
DA:153,0
DA:154,0
DA:155,0
DA:156,0
DA:157,0
DA:158,0
DA:159,0
DA:160,16
DA:161,1
DA:162,1
DA:163,1
DA:164,1
DA:165,1
DA:166,10
DA:167,1
DA:168,1
DA:169,1
DA:170,10
DA:171,1
DA:172,1
DA:173,1
DA:174,10
DA:175,10
DA:176,0
LF:176
LH:165
BRDA:176,0,0,0
BRDA:1,1,0,34
BRDA:1,2,0,2
BRDA:1,3,0,4
BRDA:1,4,0,2
BRDA:1,5,0,10
BRDA:1,6,0,17
BRDA:1,7,0,2
BRDA:1,8,0,0
BRDA:1,9,0,0
BRDA:1,10,0,2
BRDA:1,11,0,17
BRDA:25,12,0,16
BRDA:26,13,0,8
BRDA:30,14,0,10
BRDA:74,15,0,21
BRDA:78,16,0,22
BRDA:79,17,0,5
BRDA:165,18,0,10
BRDA:166,19,0,1
BRDA:1,20,0,2
BRDA:38,21,0,14
BRDA:39,22,0,21
BRDA:40,23,0,1
BRDA:44,24,0,20
BRDA:58,25,0,2
BRDA:60,26,0,1
BRDA:67,27,0,7
BRDA:98,28,0,21
BRDA:99,29,0,22
BRDA:100,30,0,22
BRDA:109,31,0,22
BRDA:113,32,0,20
BRDA:114,33,0,18
BRDA:114,34,0,11
BRDA:116,35,0,6
BRDA:118,36,0,3
BRDA:121,37,0,2
BRDA:122,38,0,1
BRDA:136,39,0,16
BRDA:142,40,0,15
BRDA:146,41,0,10
BRDA:146,42,0,1
BRDA:151,43,0,0
BRDA:173,44,0,10
BRF:45
BRH:41
end_of_record
TN:
SF:src/schemas.ts
FN:1,__export
FN:1,__copyProps
FN:1,get
FN:1,__toCommonJS
FN:1,AllSchemas
FN:1,DetailedHealthCheckSchema
FN:1,HealthCheckQueryParamsSchema
FN:1,HealthCheckResultSchema
FN:1,HealthStatusSchema
FNF:9
FNH:7
FNDA:2,__export
FNDA:2,__copyProps
FNDA:30,get
FNDA:2,__toCommonJS
FNDA:6,AllSchemas
FNDA:0,DetailedHealthCheckSchema
FNDA:6,HealthCheckQueryParamsSchema
FNDA:18,HealthCheckResultSchema
FNDA:0,HealthStatusSchema
DA:1,1
DA:2,1
DA:3,1
DA:4,1
DA:5,1
DA:6,1
DA:7,1
DA:8,1
DA:9,1
DA:10,1
DA:11,1
DA:12,1
DA:13,1
DA:14,1
DA:15,1
DA:16,1
DA:17,1
DA:18,1
DA:19,1
DA:20,1
DA:21,1
DA:22,1
DA:23,1
DA:24,1
DA:25,1
DA:26,1
DA:27,1
DA:28,1
DA:29,1
DA:30,1
DA:31,1
DA:32,1
DA:33,1
DA:34,1
DA:35,1
DA:36,1
DA:37,1
DA:38,1
DA:39,1
DA:40,1
DA:41,1
DA:42,1
DA:43,1
DA:44,1
DA:45,1
DA:46,1
DA:47,1
DA:48,1
DA:49,1
DA:50,1
DA:51,1
DA:52,1
DA:53,1
DA:54,0
LF:54
LH:53
BRDA:54,0,0,0
BRDA:1,1,0,2
BRDA:1,2,0,10
BRDA:1,3,0,2
BRDA:1,4,0,0
BRDA:1,5,0,10
BRDA:1,6,0,30
BRDA:1,7,0,2
BRDA:1,8,0,6
BRDA:1,9,0,6
BRDA:1,10,0,18
BRF:11
BRH:9
end_of_record
TN:
SF:src/types.ts
FN:1,__export
FN:1,__copyProps
FN:1,get
FN:1,__toCommonJS
FN:1,HealthStatus
FNF:5
FNH:5
FNDA:2,__export
FNDA:2,__copyProps
FNDA:119,get
FNDA:2,__toCommonJS
FNDA:119,HealthStatus
DA:1,119
DA:2,1
DA:3,1
DA:4,1
DA:5,1
DA:6,1
DA:7,1
DA:8,1
DA:9,1
DA:10,1
DA:11,1
DA:12,1
DA:13,1
DA:14,1
DA:15,1
DA:16,1
DA:17,1
DA:18,1
DA:19,1
DA:20,1
DA:21,1
DA:22,1
DA:23,1
DA:24,1
DA:25,1
DA:26,1
DA:27,1
DA:28,1
DA:29,1
DA:30,1
DA:31,1
DA:32,1
DA:33,1
DA:34,1
DA:35,1
DA:36,1
DA:37,1
DA:38,1
DA:39,1
DA:40,1
DA:41,1
DA:42,1
DA:43,1
DA:44,1
DA:45,1
DA:46,1
DA:47,1
DA:48,1
DA:49,1
DA:50,1
DA:51,1
DA:52,1
DA:53,1
DA:54,1
DA:55,1
DA:56,1
DA:57,1
DA:58,1
DA:59,1
DA:60,1
DA:61,1
DA:62,1
DA:63,1
DA:64,1
DA:65,1
DA:66,1
DA:67,1
DA:68,1
DA:69,1
DA:70,1
DA:71,1
DA:72,1
DA:73,1
DA:74,1
DA:75,1
DA:76,1
DA:77,1
DA:78,1
DA:79,1
DA:80,1
DA:81,1
DA:82,1
DA:83,1
DA:84,1
LF:84
LH:84
BRDA:3,0,0,0
BRDA:1,1,0,2
BRDA:1,2,0,2
BRDA:1,3,0,0
BRDA:1,4,0,119
BRDA:1,5,0,2
BRDA:1,6,0,119
BRDA:3,7,0,2
BRF:8
BRH:6
end_of_record
TN:
SF:src/integrations/fastify.ts
FN:1,__export
FN:1,__copyProps
FN:1,get
FN:1,__toESM
FN:1,__toCommonJS
FN:1,medicusPlugin
FN:47,medicusPlugin.fastify
FN:61,pressure
FN:90,handler
FNF:9
FNH:9
FNDA:1,__export
FNDA:2,__copyProps
FNDA:6,get
FNDA:1,__toESM
FNDA:1,__toCommonJS
FNDA:6,medicusPlugin
FNDA:6,medicusPlugin.fastify
FNDA:1,pressure
FNDA:10,handler
DA:1,1
DA:2,1
DA:3,1
DA:4,1
DA:5,1
DA:6,1
DA:7,1
DA:8,1
DA:9,1
DA:10,1
DA:11,1
DA:12,1
DA:13,1
DA:14,1
DA:15,1
DA:16,1
DA:17,1
DA:18,1
DA:19,1
DA:20,1
DA:21,1
DA:22,1
DA:23,1
DA:24,1
DA:25,1
DA:26,1
DA:27,1
DA:28,1
DA:29,1
DA:30,1
DA:31,1
DA:32,1
DA:33,1
DA:34,1
DA:35,1
DA:36,1
DA:37,1
DA:38,1
DA:39,1
DA:40,1
DA:41,1
DA:42,1
DA:43,1
DA:44,1
DA:45,1
DA:46,1
DA:47,1
DA:48,6
DA:49,6
DA:50,6
DA:51,6
DA:52,6
DA:53,6
DA:54,6
DA:55,6
DA:56,6
DA:57,6
DA:58,6
DA:59,6
DA:60,1
DA:61,1
DA:62,1
DA:63,1
DA:64,1
DA:65,1
DA:66,1
DA:67,1
DA:68,1
DA:69,6
DA:70,6
DA:71,24
DA:72,24
DA:73,6
DA:74,6
DA:75,6
DA:76,6
DA:77,6
DA:78,6
DA:79,6
DA:80,6
DA:81,6
DA:82,6
DA:83,6
DA:84,6
DA:85,6
DA:86,6
DA:87,6
DA:88,6
DA:89,6
DA:90,6
DA:91,10
DA:92,10
DA:93,10
DA:94,10
DA:95,2
DA:96,2
DA:97,10
DA:98,10
DA:99,9
DA:100,9
DA:101,10
DA:102,10
DA:103,10
DA:104,10
DA:105,10
DA:106,10
DA:107,3
DA:108,7
DA:109,10
DA:110,10
DA:111,6
DA:112,6
DA:113,6
DA:114,0
DA:115,0
DA:116,0
DA:117,0
DA:118,6
DA:119,1
DA:120,1
DA:121,1
DA:122,1
DA:123,0
LF:123
LH:118
BRDA:123,0,0,0
BRDA:1,1,0,1
BRDA:1,2,0,2
BRDA:1,3,0,1
BRDA:1,4,0,6
BRDA:1,5,0,5
BRDA:1,6,0,5
BRDA:1,7,0,6
BRDA:1,8,0,1
BRDA:1,9,0,0
BRDA:1,10,0,0
BRDA:1,11,0,1
BRDA:1,12,0,6
BRDA:47,13,0,6
BRDA:59,14,0,1
BRDA:70,15,0,24
BRDA:88,16,0,0
BRDA:113,17,0,0
BRDA:61,18,0,1
BRDA:63,19,0,0
BRDA:85,20,0,18
BRDA:90,21,0,10
BRDA:94,22,0,2
BRDA:98,23,0,9
BRDA:106,24,0,7
BRDA:106,25,0,3
BRDA:107,26,0,7
BRF:27
BRH:21
end_of_record
TN:
SF:src/utils/http.ts
FN:1,__name
FN:1,__export
FN:1,__copyProps
FN:1,get
FN:1,__toCommonJS
FN:1,HttpStatuses
FN:1,healthStatusToHttpStatus
FN:6,healthStatusToHttpStatus
FNF:8
FNH:8
FNDA:1,__name
FNDA:1,__export
FNDA:1,__copyProps
FNDA:16,get
FNDA:1,__toCommonJS
FNDA:6,HttpStatuses
FNDA:10,healthStatusToHttpStatus
FNDA:10,healthStatusToHttpStatus
DA:1,1
DA:2,1
DA:3,1
DA:4,1
DA:5,1
DA:6,1
DA:7,10
DA:8,10
DA:9,9
DA:10,10
DA:11,0
DA:12,10
DA:13,1
DA:14,10
DA:15,10
DA:16,1
DA:17,1
DA:18,1
DA:19,1
DA:20,1
LF:20
LH:19
BRDA:20,0,0,0
BRDA:1,1,0,1
BRDA:1,2,0,1
BRDA:1,3,0,2
BRDA:1,4,0,1
BRDA:1,5,0,0
BRDA:1,6,0,2
BRDA:1,7,0,16
BRDA:1,8,0,1
BRDA:1,9,0,6
BRDA:1,10,0,10
BRDA:6,11,0,10
BRDA:8,12,0,9
BRDA:10,13,0,0
BRDA:12,14,0,1
BRF:15
BRH:12
end_of_record
